ERROR:asyncio:Task exception was never retrieved
future: <Task finished name='Task-6' coro=<CrisisDetectionModule.assess_crisis() done, defined at /Users/georgesmacbook/mental_health_ai/mental_health_ai/src/modules/crisis_detection_module.py:45> exception=KeyError('message')>
Traceback (most recent call last):
  File "/Users/georgesmacbook/mental_health_ai/mental_health_ai/src/modules/crisis_detection_module.py", line 48, in assess_crisis
    message = log_entry['message']
              ~~~~~~~~~^^^^^^^^^^^
KeyError: 'message'
INFO:werkzeug:[31m[1mWARNING: This is a development server. Do not use it in a production deployment. Use a production WSGI server instead.[0m
 * Running on http://127.0.0.1:5000
INFO:werkzeug:[33mPress CTRL+C to quit[0m
INFO:werkzeug: * Restarting with stat
ERROR:asyncio:Task exception was never retrieved
future: <Task finished name='Task-6' coro=<CrisisDetectionModule.assess_crisis() done, defined at /Users/georgesmacbook/mental_health_ai/mental_health_ai/src/modules/crisis_detection_module.py:45> exception=KeyError('message')>
Traceback (most recent call last):
  File "/Users/georgesmacbook/mental_health_ai/mental_health_ai/src/modules/crisis_detection_module.py", line 48, in assess_crisis
    message = log_entry['message']
              ~~~~~~~~~^^^^^^^^^^^
KeyError: 'message'
WARNING:werkzeug: * Debugger is active!
INFO:werkzeug: * Debugger PIN: 111-114-797
INFO:werkzeug: * Detected change in '/Users/georgesmacbook/mental_health_ai/mental_health_ai/src/main.py', reloading
INFO:werkzeug: * Restarting with stat
WARNING:werkzeug: * Debugger is active!
INFO:werkzeug: * Debugger PIN: 111-114-797
INFO:werkzeug:[31m[1mWARNING: This is a development server. Do not use it in a production deployment. Use a production WSGI server instead.[0m
 * Running on http://127.0.0.1:5000
INFO:werkzeug:[33mPress CTRL+C to quit[0m
INFO:werkzeug: * Restarting with stat
WARNING:werkzeug: * Debugger is active!
INFO:werkzeug: * Debugger PIN: 111-114-797
INFO:werkzeug:[31m[1mWARNING: This is a development server. Do not use it in a production deployment. Use a production WSGI server instead.[0m
 * Running on http://127.0.0.1:5000
INFO:werkzeug:[33mPress CTRL+C to quit[0m
INFO:werkzeug: * Restarting with stat
WARNING:werkzeug: * Debugger is active!
INFO:werkzeug: * Debugger PIN: 111-114-797
INFO:werkzeug: * Detected change in '/Users/georgesmacbook/mental_health_ai/mental_health_ai/src/main.py', reloading
INFO:werkzeug: * Restarting with stat
WARNING:werkzeug: * Debugger is active!
INFO:werkzeug: * Debugger PIN: 111-114-797
